#
# There is insufficient memory for the Java Runtime Environment to continue.
# Native memory allocation (malloc) failed to allocate 1379536 bytes for Chunk::new
# Possible reasons:
#   The system is out of physical RAM or swap space
#   The process is running with CompressedOops enabled, and the Java Heap may be blocking the growth of the native heap
# Possible solutions:
#   Reduce memory load on the system
#   Increase physical memory or swap space
#   Check if swap backing store is full
#   Decrease Java heap size (-Xmx/-Xms)
#   Decrease number of Java threads
#   Decrease Java thread stack sizes (-Xss)
#   Set larger code cache with -XX:ReservedCodeCacheSize=
#   JVM is running with Zero Based Compressed Oops mode in which the Java heap is
#     placed in the first 32GB address space. The Java Heap base address is the
#     maximum limit for the native heap growth. Please use -XX:HeapBaseMinAddress
#     to set the Java Heap base and to place the Java Heap above 32GB virtual address.
# This output file may be truncated or incomplete.
#
#  Out of Memory Error (arena.cpp:168), pid=21740, tid=6936
#
# JRE version: OpenJDK Runtime Environment (21.0.2+13) (build 21.0.2+13-58)
# Java VM: OpenJDK 64-Bit Server VM (21.0.2+13-58, mixed mode, sharing, tiered, compressed oops, compressed class ptrs, g1 gc, windows-amd64)
# No core dump will be written. Minidumps are not enabled by default on client versions of Windows
#

---------------  S U M M A R Y ------------

Command Line: -ea -Didea.test.cyclic.buffer.size=1048576 -javaagent:D:\IDEA\IntelliJ IDEA 2022.2.3\lib\idea_rt.jar=50753:D:\IDEA\IntelliJ IDEA 2022.2.3\bin -Dfile.encoding=UTF-8 -Dsun.stdout.encoding=UTF-8 -Dsun.stderr.encoding=UTF-8 com.intellij.rt.junit.JUnitStarter -ideVersion5 -junit5 com.example.bootweb.BootWebApplicationTests,redisTest

Host: 11th Gen Intel(R) Core(TM) i5-11300H @ 3.10GHz, 8 cores, 15G,  Windows 11 , 64 bit Build 22621 (10.0.22621.3085)
Time: Thu Feb 29 01:51:57 2024  Windows 11 , 64 bit Build 22621 (10.0.22621.3085) elapsed time: 2.870793 seconds (0d 0h 0m 2s)

---------------  T H R E A D  ---------------

Current thread (0x0000023066df39f0):  JavaThread "C2 CompilerThread1" daemon [_thread_in_native, id=6936, stack(0x0000009974c00000,0x0000009974d00000) (1024K)]


Current CompileTask:
C2:   2870 1685       4       java.lang.invoke.MethodType::methodType (69 bytes)

Stack: [0x0000009974c00000,0x0000009974d00000]
Native frames: (J=compiled Java code, j=interpreted, Vv=VM code, C=native code)
V  [jvm.dll+0x6cade9]
V  [jvm.dll+0x8569c1]
V  [jvm.dll+0x858d2e]
V  [jvm.dll+0x859413]
V  [jvm.dll+0x280e56]
V  [jvm.dll+0xc3f3d]
V  [jvm.dll+0xc4473]
V  [jvm.dll+0x3b5bf2]
V  [jvm.dll+0x382855]
V  [jvm.dll+0x381cca]
V  [jvm.dll+0x249bd0]
V  [jvm.dll+0x2491b1]
V  [jvm.dll+0x1c9634]
V  [jvm.dll+0x258859]
V  [jvm.dll+0x256e3a]
V  [jvm.dll+0x3ef6c6]
V  [jvm.dll+0x7ff568]
V  [jvm.dll+0x6c953d]
C  [ucrtbase.dll+0x29363]
C  [KERNEL32.DLL+0x1257d]
C  [ntdll.dll+0x5aa58]


---------------  P R O C E S S  ---------------

Threads class SMR info:
_java_thread_list=0x0000023066d5f110, length=13, elements={
0x000002307f515120, 0x0000023020118270, 0x0000023020119190, 0x000002302011d180,
0x000002302011fbf0, 0x0000023020120650, 0x00000230201210b0, 0x0000023020123e50,
0x00000230201278c0, 0x0000023020705150, 0x000002302088dcf0, 0x0000023020888540,
0x0000023066df39f0
}

Java Threads: ( => current thread )
  0x000002307f515120 JavaThread "main"                              [_thread_in_Java, id=11316, stack(0x0000009973900000,0x0000009973a00000) (1024K)]
  0x0000023020118270 JavaThread "Reference Handler"          daemon [_thread_blocked, id=1556, stack(0x0000009974100000,0x0000009974200000) (1024K)]
  0x0000023020119190 JavaThread "Finalizer"                  daemon [_thread_blocked, id=15648, stack(0x0000009974200000,0x0000009974300000) (1024K)]
  0x000002302011d180 JavaThread "Signal Dispatcher"          daemon [_thread_blocked, id=14200, stack(0x0000009974300000,0x0000009974400000) (1024K)]
  0x000002302011fbf0 JavaThread "Attach Listener"            daemon [_thread_blocked, id=19360, stack(0x0000009974400000,0x0000009974500000) (1024K)]
  0x0000023020120650 JavaThread "Service Thread"             daemon [_thread_blocked, id=20884, stack(0x0000009974500000,0x0000009974600000) (1024K)]
  0x00000230201210b0 JavaThread "Monitor Deflation Thread"   daemon [_thread_blocked, id=5716, stack(0x0000009974600000,0x0000009974700000) (1024K)]
  0x0000023020123e50 JavaThread "C2 CompilerThread0"         daemon [_thread_in_native, id=6460, stack(0x0000009974700000,0x0000009974800000) (1024K)]
  0x00000230201278c0 JavaThread "C1 CompilerThread0"         daemon [_thread_in_native, id=22640, stack(0x0000009974800000,0x0000009974900000) (1024K)]
  0x0000023020705150 JavaThread "Common-Cleaner"             daemon [_thread_blocked, id=4864, stack(0x0000009974900000,0x0000009974a00000) (1024K)]
  0x000002302088dcf0 JavaThread "Monitor Ctrl-Break"         daemon [_thread_in_native, id=18724, stack(0x0000009974a00000,0x0000009974b00000) (1024K)]
  0x0000023020888540 JavaThread "Notification Thread"        daemon [_thread_blocked, id=21784, stack(0x0000009974b00000,0x0000009974c00000) (1024K)]
=>0x0000023066df39f0 JavaThread "C2 CompilerThread1"         daemon [_thread_in_native, id=6936, stack(0x0000009974c00000,0x0000009974d00000) (1024K)]
Total: 13

Other Threads:
  0x00000230200fc1e0 VMThread "VM Thread"                           [id=2168, stack(0x0000009974000000,0x0000009974100000) (1024K)]
  0x00000230200e1dc0 WatcherThread "VM Periodic Task Thread"        [id=17620, stack(0x0000009973f00000,0x0000009974000000) (1024K)]
  0x000002307f576da0 WorkerThread "GC Thread#0"                     [id=20748, stack(0x0000009973a00000,0x0000009973b00000) (1024K)]
  0x00000230200fdb40 WorkerThread "GC Thread#1"                     [id=1400, stack(0x0000009974d00000,0x0000009974e00000) (1024K)]
  0x00000230200fc580 WorkerThread "GC Thread#2"                     [id=9728, stack(0x0000009974e00000,0x0000009974f00000) (1024K)]
  0x00000230200fc920 WorkerThread "GC Thread#3"                     [id=11900, stack(0x0000009974f00000,0x0000009975000000) (1024K)]
  0x00000230200fccc0 WorkerThread "GC Thread#4"                     [id=17600, stack(0x0000009975000000,0x0000009975100000) (1024K)]
  0x00000230200fd060 WorkerThread "GC Thread#5"                     [id=8804, stack(0x0000009975100000,0x0000009975200000) (1024K)]
  0x00000230200fd400 WorkerThread "GC Thread#6"                     [id=10992, stack(0x0000009975200000,0x0000009975300000) (1024K)]
  0x0000023066b9cdd0 WorkerThread "GC Thread#7"                     [id=17996, stack(0x0000009975300000,0x0000009975400000) (1024K)]
  0x000002307f587ad0 ConcurrentGCThread "G1 Main Marker"            [id=22264, stack(0x0000009973b00000,0x0000009973c00000) (1024K)]
  0x000002307f589050 WorkerThread "G1 Conc#0"                       [id=10296, stack(0x0000009973c00000,0x0000009973d00000) (1024K)]
  0x000002301ffaf080 ConcurrentGCThread "G1 Refine#0"               [id=11924, stack(0x0000009973d00000,0x0000009973e00000) (1024K)]
  0x000002301ffaf8a0 ConcurrentGCThread "G1 Service"                [id=2100, stack(0x0000009973e00000,0x0000009973f00000) (1024K)]
Total: 14

Threads with active compile tasks:
C2 CompilerThread1     2981 1685       4       java.lang.invoke.MethodType::methodType (69 bytes)
Total: 1

VM state: not at safepoint (normal execution)

VM Mutex/Monitor currently owned by a thread: None

Heap address: 0x0000000703600000, size: 4042 MB, Compressed Oops mode: Zero based, Oop shift amount: 3

CDS archive(s) mapped at: [0x0000023021000000-0x0000023021c90000-0x0000023021c90000), size 13172736, SharedBaseAddress: 0x0000023021000000, ArchiveRelocationMode: 1.
Compressed class space mapped at: 0x0000023022000000-0x0000023062000000, reserved size: 1073741824
Narrow klass base: 0x0000023021000000, Narrow klass shift: 0, Narrow klass range: 0x100000000

GC Precious Log:
 CardTable entry size: 512
 Card Set container configuration: InlinePtr #cards 4 size 8 Array Of Cards #cards 16 size 48 Howl #buckets 8 coarsen threshold 3686 Howl Bitmap #cards 512 size 80 coarsen threshold 460 Card regions per heap region 1 cards per card region 4096
 CPUs: 8 total, 8 available
 Memory: 16167M
 Large Page Support: Disabled
 NUMA Support: Disabled
 Compressed Oops: Enabled (Zero based)
 Heap Region Size: 2M
 Heap Min Capacity: 8M
 Heap Initial Capacity: 254M
 Heap Max Capacity: 4042M
 Pre-touch: Disabled
 Parallel Workers: 8
 Concurrent Workers: 2
 Concurrent Refinement Workers: 8
 Periodic GC: Disabled

Heap:
 garbage-first heap   total 260096K, used 27319K [0x0000000703600000, 0x0000000800000000)
  region size 2048K, 14 young (28672K), 2 survivors (4096K)
 Metaspace       used 11990K, committed 12288K, reserved 1114112K
  class space    used 1526K, committed 1664K, reserved 1048576K

Heap Regions: E=young(eden), S=young(survivor), O=old, HS=humongous(starts), HC=humongous(continues), CS=collection set, F=free, TAMS=top-at-mark-start, PB=parsable bottom
|   0|0x0000000703600000, 0x0000000703800000, 0x0000000703800000|100%| O|  |TAMS 0x0000000703600000| PB 0x0000000703600000| Untracked 
|   1|0x0000000703800000, 0x00000007038adf70, 0x0000000703a00000| 33%| O|  |TAMS 0x0000000703800000| PB 0x0000000703800000| Untracked 
|   2|0x0000000703a00000, 0x0000000703a00000, 0x0000000703c00000|  0%| F|  |TAMS 0x0000000703a00000| PB 0x0000000703a00000| Untracked 
|   3|0x0000000703c00000, 0x0000000703c00000, 0x0000000703e00000|  0%| F|  |TAMS 0x0000000703c00000| PB 0x0000000703c00000| Untracked 
|   4|0x0000000703e00000, 0x0000000703e00000, 0x0000000704000000|  0%| F|  |TAMS 0x0000000703e00000| PB 0x0000000703e00000| Untracked 
|   5|0x0000000704000000, 0x0000000704000000, 0x0000000704200000|  0%| F|  |TAMS 0x0000000704000000| PB 0x0000000704000000| Untracked 
|   6|0x0000000704200000, 0x0000000704200000, 0x0000000704400000|  0%| F|  |TAMS 0x0000000704200000| PB 0x0000000704200000| Untracked 
|   7|0x0000000704400000, 0x0000000704400000, 0x0000000704600000|  0%| F|  |TAMS 0x0000000704400000| PB 0x0000000704400000| Untracked 
|   8|0x0000000704600000, 0x0000000704600000, 0x0000000704800000|  0%| F|  |TAMS 0x0000000704600000| PB 0x0000000704600000| Untracked 
|   9|0x0000000704800000, 0x0000000704800000, 0x0000000704a00000|  0%| F|  |TAMS 0x0000000704800000| PB 0x0000000704800000| Untracked 
|  10|0x0000000704a00000, 0x0000000704a00000, 0x0000000704c00000|  0%| F|  |TAMS 0x0000000704a00000| PB 0x0000000704a00000| Untracked 
|  11|0x0000000704c00000, 0x0000000704c00000, 0x0000000704e00000|  0%| F|  |TAMS 0x0000000704c00000| PB 0x0000000704c00000| Untracked 
|  12|0x0000000704e00000, 0x0000000704e00000, 0x0000000705000000|  0%| F|  |TAMS 0x0000000704e00000| PB 0x0000000704e00000| Untracked 
|  13|0x0000000705000000, 0x0000000705000000, 0x0000000705200000|  0%| F|  |TAMS 0x0000000705000000| PB 0x0000000705000000| Untracked 
|  14|0x0000000705200000, 0x0000000705200000, 0x0000000705400000|  0%| F|  |TAMS 0x0000000705200000| PB 0x0000000705200000| Untracked 
|  15|0x0000000705400000, 0x0000000705400000, 0x0000000705600000|  0%| F|  |TAMS 0x0000000705400000| PB 0x0000000705400000| Untracked 
|  16|0x0000000705600000, 0x0000000705600000, 0x0000000705800000|  0%| F|  |TAMS 0x0000000705600000| PB 0x0000000705600000| Untracked 
|  17|0x0000000705800000, 0x0000000705800000, 0x0000000705a00000|  0%| F|  |TAMS 0x0000000705800000| PB 0x0000000705800000| Untracked 
|  18|0x0000000705a00000, 0x0000000705a00000, 0x0000000705c00000|  0%| F|  |TAMS 0x0000000705a00000| PB 0x0000000705a00000| Untracked 
|  19|0x0000000705c00000, 0x0000000705c00000, 0x0000000705e00000|  0%| F|  |TAMS 0x0000000705c00000| PB 0x0000000705c00000| Untracked 
|  20|0x0000000705e00000, 0x0000000705e00000, 0x0000000706000000|  0%| F|  |TAMS 0x0000000705e00000| PB 0x0000000705e00000| Untracked 
|  21|0x0000000706000000, 0x0000000706000000, 0x0000000706200000|  0%| F|  |TAMS 0x0000000706000000| PB 0x0000000706000000| Untracked 
|  22|0x0000000706200000, 0x0000000706200000, 0x0000000706400000|  0%| F|  |TAMS 0x0000000706200000| PB 0x0000000706200000| Untracked 
|  23|0x0000000706400000, 0x0000000706400000, 0x0000000706600000|  0%| F|  |TAMS 0x0000000706400000| PB 0x0000000706400000| Untracked 
|  24|0x0000000706600000, 0x0000000706600000, 0x0000000706800000|  0%| F|  |TAMS 0x0000000706600000| PB 0x0000000706600000| Untracked 
|  25|0x0000000706800000, 0x0000000706800000, 0x0000000706a00000|  0%| F|  |TAMS 0x0000000706800000| PB 0x0000000706800000| Untracked 
|  26|0x0000000706a00000, 0x0000000706a00000, 0x0000000706c00000|  0%| F|  |TAMS 0x0000000706a00000| PB 0x0000000706a00000| Untracked 
|  27|0x0000000706c00000, 0x0000000706c00000, 0x0000000706e00000|  0%| F|  |TAMS 0x0000000706c00000| PB 0x0000000706c00000| Untracked 
|  28|0x0000000706e00000, 0x0000000706e00000, 0x0000000707000000|  0%| F|  |TAMS 0x0000000706e00000| PB 0x0000000706e00000| Untracked 
|  29|0x0000000707000000, 0x0000000707000000, 0x0000000707200000|  0%| F|  |TAMS 0x0000000707000000| PB 0x0000000707000000| Untracked 
|  30|0x0000000707200000, 0x0000000707200000, 0x0000000707400000|  0%| F|  |TAMS 0x0000000707200000| PB 0x0000000707200000| Untracked 
|  31|0x0000000707400000, 0x0000000707400000, 0x0000000707600000|  0%| F|  |TAMS 0x0000000707400000| PB 0x0000000707400000| Untracked 
|  32|0x0000000707600000, 0x0000000707600000, 0x0000000707800000|  0%| F|  |TAMS 0x0000000707600000| PB 0x0000000707600000| Untracked 
|  33|0x0000000707800000, 0x0000000707800000, 0x0000000707a00000|  0%| F|  |TAMS 0x0000000707800000| PB 0x0000000707800000| Untracked 
|  34|0x0000000707a00000, 0x0000000707a00000, 0x0000000707c00000|  0%| F|  |TAMS 0x0000000707a00000| PB 0x0000000707a00000| Untracked 
|  35|0x0000000707c00000, 0x0000000707c00000, 0x0000000707e00000|  0%| F|  |TAMS 0x0000000707c00000| PB 0x0000000707c00000| Untracked 
|  36|0x0000000707e00000, 0x0000000707e00000, 0x0000000708000000|  0%| F|  |TAMS 0x0000000707e00000| PB 0x0000000707e00000| Untracked 
|  37|0x0000000708000000, 0x0000000708000000, 0x0000000708200000|  0%| F|  |TAMS 0x0000000708000000| PB 0x0000000708000000| Untracked 
|  38|0x0000000708200000, 0x0000000708200000, 0x0000000708400000|  0%| F|  |TAMS 0x0000000708200000| PB 0x0000000708200000| Untracked 
|  39|0x0000000708400000, 0x0000000708400000, 0x0000000708600000|  0%| F|  |TAMS 0x0000000708400000| PB 0x0000000708400000| Untracked 
|  40|0x0000000708600000, 0x0000000708600000, 0x0000000708800000|  0%| F|  |TAMS 0x0000000708600000| PB 0x0000000708600000| Untracked 
|  41|0x0000000708800000, 0x0000000708800000, 0x0000000708a00000|  0%| F|  |TAMS 0x0000000708800000| PB 0x0000000708800000| Untracked 
|  42|0x0000000708a00000, 0x0000000708a00000, 0x0000000708c00000|  0%| F|  |TAMS 0x0000000708a00000| PB 0x0000000708a00000| Untracked 
|  43|0x0000000708c00000, 0x0000000708c00000, 0x0000000708e00000|  0%| F|  |TAMS 0x0000000708c00000| PB 0x0000000708c00000| Untracked 
|  44|0x0000000708e00000, 0x0000000708e00000, 0x0000000709000000|  0%| F|  |TAMS 0x0000000708e00000| PB 0x0000000708e00000| Untracked 
|  45|0x0000000709000000, 0x0000000709000000, 0x0000000709200000|  0%| F|  |TAMS 0x0000000709000000| PB 0x0000000709000000| Untracked 
|  46|0x0000000709200000, 0x0000000709200000, 0x0000000709400000|  0%| F|  |TAMS 0x0000000709200000| PB 0x0000000709200000| Untracked 
|  47|0x0000000709400000, 0x0000000709400000, 0x0000000709600000|  0%| F|  |TAMS 0x0000000709400000| PB 0x0000000709400000| Untracked 
|  48|0x0000000709600000, 0x0000000709600000, 0x0000000709800000|  0%| F|  |TAMS 0x0000000709600000| PB 0x0000000709600000| Untracked 
|  49|0x0000000709800000, 0x0000000709800000, 0x0000000709a00000|  0%| F|  |TAMS 0x0000000709800000| PB 0x0000000709800000| Untracked 
|  50|0x0000000709a00000, 0x0000000709a00000, 0x0000000709c00000|  0%| F|  |TAMS 0x0000000709a00000| PB 0x0000000709a00000| Untracked 
|  51|0x0000000709c00000, 0x0000000709c00000, 0x0000000709e00000|  0%| F|  |TAMS 0x0000000709c00000| PB 0x0000000709c00000| Untracked 
|  52|0x0000000709e00000, 0x0000000709e00000, 0x000000070a000000|  0%| F|  |TAMS 0x0000000709e00000| PB 0x0000000709e00000| Untracked 
|  53|0x000000070a000000, 0x000000070a000000, 0x000000070a200000|  0%| F|  |TAMS 0x000000070a000000| PB 0x000000070a000000| Untracked 
|  54|0x000000070a200000, 0x000000070a200000, 0x000000070a400000|  0%| F|  |TAMS 0x000000070a200000| PB 0x000000070a200000| Untracked 
|  55|0x000000070a400000, 0x000000070a400000, 0x000000070a600000|  0%| F|  |TAMS 0x000000070a400000| PB 0x000000070a400000| Untracked 
|  56|0x000000070a600000, 0x000000070a600000, 0x000000070a800000|  0%| F|  |TAMS 0x000000070a600000| PB 0x000000070a600000| Untracked 
|  57|0x000000070a800000, 0x000000070a800000, 0x000000070aa00000|  0%| F|  |TAMS 0x000000070a800000| PB 0x000000070a800000| Untracked 
|  58|0x000000070aa00000, 0x000000070aa00000, 0x000000070ac00000|  0%| F|  |TAMS 0x000000070aa00000| PB 0x000000070aa00000| Untracked 
|  59|0x000000070ac00000, 0x000000070ac00000, 0x000000070ae00000|  0%| F|  |TAMS 0x000000070ac00000| PB 0x000000070ac00000| Untracked 
|  60|0x000000070ae00000, 0x000000070ae00000, 0x000000070b000000|  0%| F|  |TAMS 0x000000070ae00000| PB 0x000000070ae00000| Untracked 
|  61|0x000000070b000000, 0x000000070b000000, 0x000000070b200000|  0%| F|  |TAMS 0x000000070b000000| PB 0x000000070b000000| Untracked 
|  62|0x000000070b200000, 0x000000070b200000, 0x000000070b400000|  0%| F|  |TAMS 0x000000070b200000| PB 0x000000070b200000| Untracked 
|  63|0x000000070b400000, 0x000000070b400000, 0x000000070b600000|  0%| F|  |TAMS 0x000000070b400000| PB 0x000000070b400000| Untracked 
|  64|0x000000070b600000, 0x000000070b600000, 0x000000070b800000|  0%| F|  |TAMS 0x000000070b600000| PB 0x000000070b600000| Untracked 
|  65|0x000000070b800000, 0x000000070b800000, 0x000000070ba00000|  0%| F|  |TAMS 0x000000070b800000| PB 0x000000070b800000| Untracked 
|  66|0x000000070ba00000, 0x000000070ba00000, 0x000000070bc00000|  0%| F|  |TAMS 0x000000070ba00000| PB 0x000000070ba00000| Untracked 
|  67|0x000000070bc00000, 0x000000070bc00000, 0x000000070be00000|  0%| F|  |TAMS 0x000000070bc00000| PB 0x000000070bc00000| Untracked 
|  68|0x000000070be00000, 0x000000070be00000, 0x000000070c000000|  0%| F|  |TAMS 0x000000070be00000| PB 0x000000070be00000| Untracked 
|  69|0x000000070c000000, 0x000000070c000000, 0x000000070c200000|  0%| F|  |TAMS 0x000000070c000000| PB 0x000000070c000000| Untracked 
|  70|0x000000070c200000, 0x000000070c200000, 0x000000070c400000|  0%| F|  |TAMS 0x000000070c200000| PB 0x000000070c200000| Untracked 
|  71|0x000000070c400000, 0x000000070c400000, 0x000000070c600000|  0%| F|  |TAMS 0x000000070c400000| PB 0x000000070c400000| Untracked 
|  72|0x000000070c600000, 0x000000070c600000, 0x000000070c800000|  0%| F|  |TAMS 0x000000070c600000| PB 0x000000070c600000| Untracked 
|  73|0x000000070c800000, 0x000000070c800000, 0x000000070ca00000|  0%| F|  |TAMS 0x000000070c800000| PB 0x000000070c800000| Untracked 
|  74|0x000000070ca00000, 0x000000070ca00000, 0x000000070cc00000|  0%| F|  |TAMS 0x000000070ca00000| PB 0x000000070ca00000| Untracked 
|  75|0x000000070cc00000, 0x000000070cc00000, 0x000000070ce00000|  0%| F|  |TAMS 0x000000070cc00000| PB 0x000000070cc00000| Untracked 
|  76|0x000000070ce00000, 0x000000070ce00000, 0x000000070d000000|  0%| F|  |TAMS 0x000000070ce00000| PB 0x000000070ce00000| Untracked 
|  77|0x000000070d000000, 0x000000070d000000, 0x000000070d200000|  0%| F|  |TAMS 0x000000070d000000| PB 0x000000070d000000| Untracked 
|  78|0x000000070d200000, 0x000000070d200000, 0x000000070d400000|  0%| F|  |TAMS 0x000000070d200000| PB 0x000000070d200000| Untracked 
|  79|0x000000070d400000, 0x000000070d400000, 0x000000070d600000|  0%| F|  |TAMS 0x000000070d400000| PB 0x000000070d400000| Untracked 
|  80|0x000000070d600000, 0x000000070d600000, 0x000000070d800000|  0%| F|  |TAMS 0x000000070d600000| PB 0x000000070d600000| Untracked 
|  81|0x000000070d800000, 0x000000070d800000, 0x000000070da00000|  0%| F|  |TAMS 0x000000070d800000| PB 0x000000070d800000| Untracked 
|  82|0x000000070da00000, 0x000000070da00000, 0x000000070dc00000|  0%| F|  |TAMS 0x000000070da00000| PB 0x000000070da00000| Untracked 
|  83|0x000000070dc00000, 0x000000070dc00000, 0x000000070de00000|  0%| F|  |TAMS 0x000000070dc00000| PB 0x000000070dc00000| Untracked 
|  84|0x000000070de00000, 0x000000070de00000, 0x000000070e000000|  0%| F|  |TAMS 0x000000070de00000| PB 0x000000070de00000| Untracked 
|  85|0x000000070e000000, 0x000000070e000000, 0x000000070e200000|  0%| F|  |TAMS 0x000000070e000000| PB 0x000000070e000000| Untracked 
|  86|0x000000070e200000, 0x000000070e200000, 0x000000070e400000|  0%| F|  |TAMS 0x000000070e200000| PB 0x000000070e200000| Untracked 
|  87|0x000000070e400000, 0x000000070e400000, 0x000000070e600000|  0%| F|  |TAMS 0x000000070e400000| PB 0x000000070e400000| Untracked 
|  88|0x000000070e600000, 0x000000070e600000, 0x000000070e800000|  0%| F|  |TAMS 0x000000070e600000| PB 0x000000070e600000| Untracked 
|  89|0x000000070e800000, 0x000000070e800000, 0x000000070ea00000|  0%| F|  |TAMS 0x000000070e800000| PB 0x000000070e800000| Untracked 
|  90|0x000000070ea00000, 0x000000070ea00000, 0x000000070ec00000|  0%| F|  |TAMS 0x000000070ea00000| PB 0x000000070ea00000| Untracked 
|  91|0x000000070ec00000, 0x000000070ec00000, 0x000000070ee00000|  0%| F|  |TAMS 0x000000070ec00000| PB 0x000000070ec00000| Untracked 
|  92|0x000000070ee00000, 0x000000070ee00000, 0x000000070f000000|  0%| F|  |TAMS 0x000000070ee00000| PB 0x000000070ee00000| Untracked 
|  93|0x000000070f000000, 0x000000070f000000, 0x000000070f200000|  0%| F|  |TAMS 0x000000070f000000| PB 0x000000070f000000| Untracked 
|  94|0x000000070f200000, 0x000000070f200000, 0x000000070f400000|  0%| F|  |TAMS 0x000000070f200000| PB 0x000000070f200000| Untracked 
|  95|0x000000070f400000, 0x000000070f400000, 0x000000070f600000|  0%| F|  |TAMS 0x000000070f400000| PB 0x000000070f400000| Untracked 
|  96|0x000000070f600000, 0x000000070f600000, 0x000000070f800000|  0%| F|  |TAMS 0x000000070f600000| PB 0x000000070f600000| Untracked 
|  97|0x000000070f800000, 0x000000070f800000, 0x000000070fa00000|  0%| F|  |TAMS 0x000000070f800000| PB 0x000000070f800000| Untracked 
|  98|0x000000070fa00000, 0x000000070fa00000, 0x000000070fc00000|  0%| F|  |TAMS 0x000000070fa00000| PB 0x000000070fa00000| Untracked 
|  99|0x000000070fc00000, 0x000000070fc00000, 0x000000070fe00000|  0%| F|  |TAMS 0x000000070fc00000| PB 0x000000070fc00000| Untracked 
| 100|0x000000070fe00000, 0x000000070fe00000, 0x0000000710000000|  0%| F|  |TAMS 0x000000070fe00000| PB 0x000000070fe00000| Untracked 
| 101|0x0000000710000000, 0x0000000710000000, 0x0000000710200000|  0%| F|  |TAMS 0x0000000710000000| PB 0x0000000710000000| Untracked 
| 102|0x0000000710200000, 0x0000000710200000, 0x0000000710400000|  0%| F|  |TAMS 0x0000000710200000| PB 0x0000000710200000| Untracked 
| 103|0x0000000710400000, 0x0000000710400000, 0x0000000710600000|  0%| F|  |TAMS 0x0000000710400000| PB 0x0000000710400000| Untracked 
| 104|0x0000000710600000, 0x0000000710600000, 0x0000000710800000|  0%| F|  |TAMS 0x0000000710600000| PB 0x0000000710600000| Untracked 
| 105|0x0000000710800000, 0x0000000710800000, 0x0000000710a00000|  0%| F|  |TAMS 0x0000000710800000| PB 0x0000000710800000| Untracked 
| 106|0x0000000710a00000, 0x0000000710a00000, 0x0000000710c00000|  0%| F|  |TAMS 0x0000000710a00000| PB 0x0000000710a00000| Untracked 
| 107|0x0000000710c00000, 0x0000000710c00000, 0x0000000710e00000|  0%| F|  |TAMS 0x0000000710c00000| PB 0x0000000710c00000| Untracked 
| 108|0x0000000710e00000, 0x0000000710e00000, 0x0000000711000000|  0%| F|  |TAMS 0x0000000710e00000| PB 0x0000000710e00000| Untracked 
| 109|0x0000000711000000, 0x0000000711000000, 0x0000000711200000|  0%| F|  |TAMS 0x0000000711000000| PB 0x0000000711000000| Untracked 
| 110|0x0000000711200000, 0x0000000711200000, 0x0000000711400000|  0%| F|  |TAMS 0x0000000711200000| PB 0x0000000711200000| Untracked 
| 111|0x0000000711400000, 0x00000007114234f0, 0x0000000711600000|  6%| S|  |TAMS 0x0000000711400000| PB 0x0000000711400000| Complete 
| 112|0x0000000711600000, 0x0000000711800000, 0x0000000711800000|100%| S|  |TAMS 0x0000000711600000| PB 0x0000000711600000| Complete 
| 113|0x0000000711800000, 0x0000000711a00000, 0x0000000711a00000|100%| E|CS|TAMS 0x0000000711800000| PB 0x0000000711800000| Complete 
| 114|0x0000000711a00000, 0x0000000711c00000, 0x0000000711c00000|100%| E|CS|TAMS 0x0000000711a00000| PB 0x0000000711a00000| Complete 
| 115|0x0000000711c00000, 0x0000000711e00000, 0x0000000711e00000|100%| E|CS|TAMS 0x0000000711c00000| PB 0x0000000711c00000| Complete 
| 116|0x0000000711e00000, 0x0000000712000000, 0x0000000712000000|100%| E|CS|TAMS 0x0000000711e00000| PB 0x0000000711e00000| Complete 
| 117|0x0000000712000000, 0x0000000712200000, 0x0000000712200000|100%| E|CS|TAMS 0x0000000712000000| PB 0x0000000712000000| Complete 
| 118|0x0000000712200000, 0x0000000712400000, 0x0000000712400000|100%| E|CS|TAMS 0x0000000712200000| PB 0x0000000712200000| Complete 
| 119|0x0000000712400000, 0x0000000712600000, 0x0000000712600000|100%| E|CS|TAMS 0x0000000712400000| PB 0x0000000712400000| Complete 
| 120|0x0000000712600000, 0x0000000712800000, 0x0000000712800000|100%| E|CS|TAMS 0x0000000712600000| PB 0x0000000712600000| Complete 
| 121|0x0000000712800000, 0x0000000712a00000, 0x0000000712a00000|100%| E|CS|TAMS 0x0000000712800000| PB 0x0000000712800000| Complete 
| 122|0x0000000712a00000, 0x0000000712c00000, 0x0000000712c00000|100%| E|CS|TAMS 0x0000000712a00000| PB 0x0000000712a00000| Complete 
| 123|0x0000000712c00000, 0x0000000712e00000, 0x0000000712e00000|100%| F|CS|TAMS 0x0000000712c00000| PB 0x0000000712c00000| Untracked 
| 124|0x0000000712e00000, 0x0000000712e00000, 0x0000000713000000|  0%| F|CS|TAMS 0x0000000712e00000| PB 0x0000000712e00000| Untracked 
| 125|0x0000000713000000, 0x0000000713000000, 0x0000000713200000|  0%| F|  |TAMS 0x0000000713000000| PB 0x0000000713000000| Untracked 
| 126|0x0000000713200000, 0x0000000713200000, 0x0000000713400000|  0%| F|  |TAMS 0x0000000713200000| PB 0x0000000713200000| Untracked 

Card table byte_map: [0x00000230193d0000,0x0000023019bc0000] _byte_map_base: 0x0000023015bb5000

Marking Bits: (CMBitMap*) 0x000002307f5773b0
 Bits: [0x0000023019bc0000, 0x000002301dae8000)

Polling page: 0x000002307f030000

Metaspace:

Usage:
  Non-class:     10.22 MB used.
      Class:      1.49 MB used.
       Both:     11.71 MB used.

Virtual space:
  Non-class space:       64.00 MB reserved,      10.38 MB ( 16%) committed,  1 nodes.
      Class space:        1.00 GB reserved,       1.62 MB ( <1%) committed,  1 nodes.
             Both:        1.06 GB reserved,      12.00 MB (  1%) committed. 

Chunk freelists:
   Non-Class:  4.80 MB
       Class:  14.33 MB
        Both:  19.12 MB

MaxMetaspaceSize: unlimited
CompressedClassSpaceSize: 1.00 GB
Initial GC threshold: 21.00 MB
Current GC threshold: 21.00 MB
CDS: on
 - commit_granule_bytes: 65536.
 - commit_granule_words: 8192.
 - virtual_space_node_default_size: 8388608.
 - enlarge_chunks_in_place: 1.
 - use_allocation_guard: 0.


Internal statistics:

num_allocs_failed_limit: 0.
num_arena_births: 228.
num_arena_deaths: 0.
num_vsnodes_births: 2.
num_vsnodes_deaths: 0.
num_space_committed: 192.
num_space_uncommitted: 0.
num_chunks_returned_to_freelist: 0.
num_chunks_taken_from_freelist: 651.
num_chunk_merges: 0.
num_chunk_splits: 379.
num_chunks_enlarged: 245.
num_inconsistent_stats: 0.

CodeHeap 'non-profiled nmethods': size=120000Kb used=724Kb max_used=724Kb free=119275Kb
 bounds [0x0000023011270000, 0x00000230114e0000, 0x00000230187a0000]
CodeHeap 'profiled nmethods': size=120000Kb used=3496Kb max_used=3496Kb free=116503Kb
 bounds [0x00000230097a0000, 0x0000023009b10000, 0x0000023010cd0000]
CodeHeap 'non-nmethods': size=5760Kb used=1539Kb max_used=1581Kb free=4221Kb
 bounds [0x0000023010cd0000, 0x0000023010f40000, 0x0000023011270000]
 total_blobs=2303 nmethods=1809 adapters=398
 compilation: enabled
              stopped_count=0, restarted_count=0
 full_count=0

Compilation events (20 events):
Event: 2.831 Thread 0x00000230201278c0 1716       3       java.util.stream.ReferencePipeline::<init> (7 bytes)
Event: 2.831 Thread 0x00000230201278c0 nmethod 1716 0x0000023009adc690 code [0x0000023009adc840, 0x0000023009adc978]
Event: 2.831 Thread 0x00000230201278c0 1717       3       java.util.stream.AbstractPipeline::<init> (91 bytes)
Event: 2.832 Thread 0x00000230201278c0 nmethod 1717 0x0000023009adca10 code [0x0000023009adcc20, 0x0000023009add2b8]
Event: 2.832 Thread 0x00000230201278c0 1718       3       java.util.ArrayList$Itr::next (66 bytes)
Event: 2.833 Thread 0x00000230201278c0 nmethod 1718 0x0000023009add510 code [0x0000023009add700, 0x0000023009addbf8]
Event: 2.840 Thread 0x0000023020123e50 nmethod 1715 0x000002301131a990 code [0x000002301131abc0, 0x000002301131b648]
Event: 2.841 Thread 0x0000023020123e50 1719   !   4       java.lang.ref.ReferenceQueue::poll (40 bytes)
Event: 2.844 Thread 0x0000023020123e50 nmethod 1719 0x000002301131bb90 code [0x000002301131bd60, 0x000002301131bef8]
Event: 2.845 Thread 0x0000023020123e50 1720       4       sun.reflect.generics.parser.SignatureParser::skipIdentifier (67 bytes)
Event: 2.850 Thread 0x00000230201278c0 1721       3       sun.reflect.generics.visitor.Reifier::make (9 bytes)
Event: 2.851 Thread 0x00000230201278c0 nmethod 1721 0x0000023009adde10 code [0x0000023009addfc0, 0x0000023009ade228]
Event: 2.851 Thread 0x00000230201278c0 1722       3       sun.reflect.generics.visitor.Reifier::<init> (10 bytes)
Event: 2.851 Thread 0x00000230201278c0 nmethod 1722 0x0000023009ade310 code [0x0000023009ade4c0, 0x0000023009ade680]
Event: 2.852 Thread 0x00000230201278c0 1723       3       sun.reflect.generics.visitor.Reifier::getResult (26 bytes)
Event: 2.852 Thread 0x00000230201278c0 nmethod 1723 0x0000023009ade710 code [0x0000023009ade8a0, 0x0000023009ade9c0]
Event: 2.854 Thread 0x0000023020123e50 nmethod 1720 0x000002301131c090 code [0x000002301131c240, 0x000002301131c520]
Event: 2.856 Thread 0x0000023020123e50 1724       4       java.lang.StringBuilder::length (5 bytes)
Event: 2.857 Thread 0x0000023020123e50 nmethod 1724 0x000002301131c810 code [0x000002301131c9a0, 0x000002301131ca28]
Event: 2.857 Thread 0x0000023020123e50 1725   !   4       java.util.concurrent.ConcurrentHashMap::transfer (849 bytes)

GC Heap History (2 events):
Event: 1.631 GC heap before
{Heap before GC invocations=0 (full 0):
 garbage-first heap   total 260096K, used 20480K [0x0000000703600000, 0x0000000800000000)
  region size 2048K, 11 young (22528K), 0 survivors (0K)
 Metaspace       used 5021K, committed 5248K, reserved 1114112K
  class space    used 611K, committed 704K, reserved 1048576K
}
Event: 1.639 GC heap after
{Heap after GC invocations=1 (full 0):
 garbage-first heap   total 260096K, used 6839K [0x0000000703600000, 0x0000000800000000)
  region size 2048K, 2 young (4096K), 2 survivors (4096K)
 Metaspace       used 5021K, committed 5248K, reserved 1114112K
  class space    used 611K, committed 704K, reserved 1048576K
}

Dll operation events (10 events):
Event: 0.055 Loaded shared library C:\Users\24197\.jdks\openjdk-21.0.2\bin\java.dll
Event: 0.149 Loaded shared library C:\Users\24197\.jdks\openjdk-21.0.2\bin\jsvml.dll
Event: 0.436 Loaded shared library C:\Users\24197\.jdks\openjdk-21.0.2\bin\zip.dll
Event: 0.450 Loaded shared library C:\Users\24197\.jdks\openjdk-21.0.2\bin\instrument.dll
Event: 0.462 Loaded shared library C:\Users\24197\.jdks\openjdk-21.0.2\bin\net.dll
Event: 0.471 Loaded shared library C:\Users\24197\.jdks\openjdk-21.0.2\bin\nio.dll
Event: 0.479 Loaded shared library C:\Users\24197\.jdks\openjdk-21.0.2\bin\zip.dll
Event: 0.523 Loaded shared library D:\IDEA\IntelliJ IDEA 2022.2.3\bin\breakgen64.dll
Event: 0.557 Loaded shared library C:\Users\24197\.jdks\openjdk-21.0.2\bin\extnet.dll
Event: 0.652 Loaded shared library C:\Users\24197\.jdks\openjdk-21.0.2\bin\jimage.dll

Deoptimization events (20 events):
Event: 2.304 Thread 0x000002307f515120 Uncommon trap: trap_request=0xffffff45 fr.pc=0x00000230112acd4c relative=0x00000000000004ac
Event: 2.304 Thread 0x000002307f515120 Uncommon trap: reason=unstable_if action=reinterpret pc=0x00000230112acd4c method=java.util.zip.ZipCoder.hash(Ljava/lang/String;)I @ 23 c2
Event: 2.304 Thread 0x000002307f515120 DEOPT PACKING pc=0x00000230112acd4c sp=0x00000099739fc760
Event: 2.304 Thread 0x000002307f515120 DEOPT UNPACKING pc=0x0000023010d27da2 sp=0x00000099739fc680 mode 2
Event: 2.304 Thread 0x000002307f515120 Uncommon trap: trap_request=0xffffff45 fr.pc=0x00000230112ac0bc relative=0x000000000000017c
Event: 2.304 Thread 0x000002307f515120 Uncommon trap: reason=unstable_if action=reinterpret pc=0x00000230112ac0bc method=java.util.zip.ZipCoder.hash(Ljava/lang/String;)I @ 23 c2
Event: 2.304 Thread 0x000002307f515120 DEOPT PACKING pc=0x00000230112ac0bc sp=0x00000099739fc6f0
Event: 2.304 Thread 0x000002307f515120 DEOPT UNPACKING pc=0x0000023010d27da2 sp=0x00000099739fc678 mode 2
Event: 2.304 Thread 0x000002307f515120 Uncommon trap: trap_request=0xffffff45 fr.pc=0x00000230112d4054 relative=0x00000000000016d4
Event: 2.304 Thread 0x000002307f515120 Uncommon trap: reason=unstable_if action=reinterpret pc=0x00000230112d4054 method=java.io.WinNTFileSystem.normalize(Ljava/lang/String;)Ljava/lang/String; @ 128 c2
Event: 2.304 Thread 0x000002307f515120 DEOPT PACKING pc=0x00000230112d4054 sp=0x00000099739fc6e0
Event: 2.304 Thread 0x000002307f515120 DEOPT UNPACKING pc=0x0000023010d27da2 sp=0x00000099739fc6c8 mode 2
Event: 2.308 Thread 0x000002307f515120 Uncommon trap: trap_request=0xffffff45 fr.pc=0x00000230112956ec relative=0x000000000000004c
Event: 2.308 Thread 0x000002307f515120 Uncommon trap: reason=unstable_if action=reinterpret pc=0x00000230112956ec method=sun.nio.fs.WindowsPathParser.isSlash(C)Z @ 9 c2
Event: 2.308 Thread 0x000002307f515120 DEOPT PACKING pc=0x00000230112956ec sp=0x00000099739fc9f0
Event: 2.308 Thread 0x000002307f515120 DEOPT UNPACKING pc=0x0000023010d27da2 sp=0x00000099739fc978 mode 2
Event: 2.488 Thread 0x000002307f515120 Uncommon trap: trap_request=0xffffff45 fr.pc=0x00000230112a0b94 relative=0x00000000000000f4
Event: 2.488 Thread 0x000002307f515120 Uncommon trap: reason=unstable_if action=reinterpret pc=0x00000230112a0b94 method=sun.reflect.generics.parser.SignatureParser.current()C @ 39 c2
Event: 2.488 Thread 0x000002307f515120 DEOPT PACKING pc=0x00000230112a0b94 sp=0x00000099739fb7f0
Event: 2.488 Thread 0x000002307f515120 DEOPT UNPACKING pc=0x0000023010d27da2 sp=0x00000099739fb788 mode 2

Classes loaded (20 events):
Event: 2.795 Loading class java/lang/StackStreamFactory
Event: 2.795 Loading class java/lang/StackStreamFactory done
Event: 2.795 Loading class java/lang/StackWalker$ExtendedOption
Event: 2.795 Loading class java/lang/StackWalker$ExtendedOption done
Event: 2.795 Loading class java/lang/StackStreamFactory$StackFrameTraverser
Event: 2.795 Loading class java/lang/StackStreamFactory$StackFrameTraverser done
Event: 2.795 Loading class java/lang/StackStreamFactory$WalkerState
Event: 2.795 Loading class java/lang/StackStreamFactory$WalkerState done
Event: 2.796 Loading class java/lang/StackStreamFactory$StackFrameTraverser$StackFrameBuffer
Event: 2.796 Loading class java/lang/StackStreamFactory$FrameBuffer
Event: 2.796 Loading class java/lang/StackStreamFactory$FrameBuffer done
Event: 2.796 Loading class java/lang/StackStreamFactory$StackFrameTraverser$StackFrameBuffer done
Event: 2.804 Loading class java/nio/file/InvalidPathException
Event: 2.804 Loading class java/nio/file/InvalidPathException done
Event: 2.814 Loading class java/util/Collections$SynchronizedRandomAccessList
Event: 2.814 Loading class java/util/Collections$SynchronizedList
Event: 2.815 Loading class java/util/Collections$SynchronizedList done
Event: 2.815 Loading class java/util/Collections$SynchronizedRandomAccessList done
Event: 2.823 Loading class java/util/concurrent/RejectedExecutionException
Event: 2.823 Loading class java/util/concurrent/RejectedExecutionException done

Classes unloaded (0 events):
No events

Classes redefined (0 events):
No events

Internal exceptions (20 events):
Event: 1.835 Thread 0x000002307f515120 Exception <a 'java/lang/NoSuchMethodError'{0x0000000713123d90}: 'java.lang.Object java.lang.invoke.DirectMethodHandle$Holder.invokeSpecial(java.lang.Object, java.lang.Object, java.lang.Object, long, java.lang.Object)'> (0x0000000713123d90) 
thrown [s\open\src\hotspot\share\interpreter\linkResolver.cpp, line 773]
Event: 1.835 Thread 0x000002307f515120 Exception <a 'java/lang/NoSuchMethodError'{0x0000000713127990}: 'java.lang.Object java.lang.invoke.Invokers$Holder.linkToTargetMethod(java.lang.Object, long, java.lang.Object, java.lang.Object)'> (0x0000000713127990) 
thrown [s\open\src\hotspot\share\interpreter\linkResolver.cpp, line 773]
Event: 1.867 Thread 0x000002307f515120 Implicit null exception at 0x00000230112bd76d to 0x00000230112be4cc
Event: 1.867 Thread 0x000002307f515120 Implicit null exception at 0x000002301129e23d to 0x000002301129e2c1
Event: 2.048 Thread 0x000002307f515120 Exception <a 'java/lang/NoSuchMethodError'{0x0000000712c95750}: 'int java.lang.invoke.DirectMethodHandle$Holder.invokeStaticInit(java.lang.Object, java.lang.Object, java.lang.Object)'> (0x0000000712c95750) 
thrown [s\open\src\hotspot\share\interpreter\linkResolver.cpp, line 773]
Event: 2.094 Thread 0x000002307f515120 Exception <a 'java/lang/NoSuchMethodError'{0x0000000712d9d3f8}: 'int java.lang.invoke.DirectMethodHandle$Holder.invokeInterface(java.lang.Object, java.lang.Object)'> (0x0000000712d9d3f8) 
thrown [s\open\src\hotspot\share\interpreter\linkResolver.cpp, line 773]
Event: 2.134 Thread 0x000002307f515120 Exception <a 'java/lang/NoSuchMethodError'{0x0000000712a7f458}: 'void java.lang.invoke.DirectMethodHandle$Holder.invokeStaticInit(java.lang.Object, java.lang.Object)'> (0x0000000712a7f458) 
thrown [s\open\src\hotspot\share\interpreter\linkResolver.cpp, line 773]
Event: 2.174 Thread 0x000002307f515120 Exception <a 'java/lang/NoSuchMethodError'{0x0000000712b17718}: 'int java.lang.invoke.DirectMethodHandle$Holder.invokeVirtual(java.lang.Object, java.lang.Object, java.lang.Object)'> (0x0000000712b17718) 
thrown [s\open\src\hotspot\share\interpreter\linkResolver.cpp, line 773]
Event: 2.239 Thread 0x000002307f515120 Exception <a 'java/lang/IncompatibleClassChangeError'{0x000000071283c6f0}: Found class java.lang.Object, but interface was expected> (0x000000071283c6f0) 
thrown [s\open\src\hotspot\share\interpreter\linkResolver.cpp, line 840]
Event: 2.302 Thread 0x000002307f515120 Exception <a 'java/lang/NoSuchMethodError'{0x0000000712959e68}: 'int java.lang.invoke.DirectMethodHandle$Holder.invokeSpecial(java.lang.Object, java.lang.Object, java.lang.Object, java.lang.Object)'> (0x0000000712959e68) 
thrown [s\open\src\hotspot\share\interpreter\linkResolver.cpp, line 773]
Event: 2.309 Thread 0x000002307f515120 Exception <a 'java/lang/NoSuchMethodError'{0x00000007129767c0}: 'int java.lang.invoke.DirectMethodHandle$Holder.invokeSpecial(java.lang.Object, java.lang.Object, java.lang.Object, java.lang.Object, java.lang.Object)'> (0x00000007129767c0) 
thrown [s\open\src\hotspot\share\interpreter\linkResolver.cpp, line 773]
Event: 2.313 Thread 0x000002307f515120 Exception <a 'java/lang/NoSuchMethodError'{0x000000071297ebb8}: 'void java.lang.invoke.DirectMethodHandle$Holder.invokeVirtual(java.lang.Object, java.lang.Object)'> (0x000000071297ebb8) 
thrown [s\open\src\hotspot\share\interpreter\linkResolver.cpp, line 773]
Event: 2.429 Thread 0x000002307f515120 Exception <a 'java/lang/NoSuchMethodError'{0x00000007127dfa18}: 'void java.lang.invoke.DirectMethodHandle$Holder.invokeVirtual(java.lang.Object, java.lang.Object, java.lang.Object, java.lang.Object)'> (0x00000007127dfa18) 
thrown [s\open\src\hotspot\share\interpreter\linkResolver.cpp, line 773]
Event: 2.644 Thread 0x000002307f515120 Exception <a 'java/lang/NoSuchMethodError'{0x00000007123b1960}: 'java.lang.Object java.lang.invoke.DirectMethodHandle$Holder.newInvokeSpecial(java.lang.Object, java.lang.Object, java.lang.Object, java.lang.Object, java.lang.Object, java.lang.Object, java.lang.Object)'> (0x00000007123b1960) 
thrown [s\open\src\hotspot\share\interpreter\linkResolver.cpp, line 773]
Event: 2.704 Thread 0x000002307f515120 Exception <a 'java/lang/NoSuchMethodError'{0x000000071211de88}: 'java.lang.Object java.lang.invoke.DirectMethodHandle$Holder.invokeInterface(java.lang.Object, java.lang.Object, java.lang.Object, java.lang.Object)'> (0x000000071211de88) 
thrown [s\open\src\hotspot\share\interpreter\linkResolver.cpp, line 773]
Event: 2.709 Thread 0x000002307f515120 Exception <a 'java/lang/NoSuchMethodError'{0x0000000712138b60}: 'java.lang.Object java.lang.invoke.DirectMethodHandle$Holder.newInvokeSpecial(java.lang.Object, java.lang.Object, java.lang.Object, java.lang.Object, int)'> (0x0000000712138b60) 
thrown [s\open\src\hotspot\share\interpreter\linkResolver.cpp, line 773]
Event: 2.710 Thread 0x000002307f515120 Exception <a 'java/lang/NoSuchMethodError'{0x000000071213d0a8}: 'java.lang.Object java.lang.invoke.DirectMethodHandle$Holder.invokeSpecial(java.lang.Object, java.lang.Object, java.lang.Object, java.lang.Object, java.lang.Object, int)'> (0x000000071213d0a8) 
thrown [s\open\src\hotspot\share\interpreter\linkResolver.cpp, line 773]
Event: 2.710 Thread 0x000002307f515120 Exception <a 'java/lang/NoSuchMethodError'{0x0000000712140dc8}: 'java.lang.Object java.lang.invoke.Invokers$Holder.linkToTargetMethod(java.lang.Object, java.lang.Object, java.lang.Object, int, java.lang.Object)'> (0x0000000712140dc8) 
thrown [s\open\src\hotspot\share\interpreter\linkResolver.cpp, line 773]
Event: 2.721 Thread 0x000002307f515120 Exception <a 'java/lang/NoSuchMethodError'{0x0000000712172ef0}: 'java.lang.Object java.lang.invoke.DirectMethodHandle$Holder.invokeInterface(java.lang.Object, java.lang.Object, java.lang.Object, java.lang.Object, java.lang.Object)'> (0x0000000712172ef0) 
thrown [s\open\src\hotspot\share\interpreter\linkResolver.cpp, line 773]
Event: 2.722 Thread 0x000002307f515120 Exception <a 'java/lang/IncompatibleClassChangeError'{0x0000000712176a18}: Found class java.lang.Object, but interface was expected> (0x0000000712176a18) 
thrown [s\open\src\hotspot\share\interpreter\linkResolver.cpp, line 840]

ZGC Phase Switch (0 events):
No events

VM Operations (20 events):
Event: 1.520 Executing VM operation: HandshakeAllThreads (Deoptimize)
Event: 1.520 Executing VM operation: HandshakeAllThreads (Deoptimize) done
Event: 1.631 Executing VM operation: G1CollectForAllocation (G1 Evacuation Pause)
Event: 1.639 Executing VM operation: G1CollectForAllocation (G1 Evacuation Pause) done
Event: 1.712 Executing VM operation: HandshakeAllThreads (Deoptimize)
Event: 1.712 Executing VM operation: HandshakeAllThreads (Deoptimize) done
Event: 1.934 Executing VM operation: HandshakeAllThreads (Deoptimize)
Event: 1.934 Executing VM operation: HandshakeAllThreads (Deoptimize) done
Event: 1.935 Executing VM operation: HandshakeAllThreads (Deoptimize)
Event: 1.935 Executing VM operation: HandshakeAllThreads (Deoptimize) done
Event: 2.097 Executing VM operation: HandshakeAllThreads (Deoptimize)
Event: 2.097 Executing VM operation: HandshakeAllThreads (Deoptimize) done
Event: 2.262 Executing VM operation: HandshakeAllThreads (Deoptimize)
Event: 2.262 Executing VM operation: HandshakeAllThreads (Deoptimize) done
Event: 2.424 Executing VM operation: HandshakeAllThreads (Deoptimize)
Event: 2.424 Executing VM operation: HandshakeAllThreads (Deoptimize) done
Event: 2.726 Executing VM operation: HandshakeAllThreads (Deoptimize)
Event: 2.726 Executing VM operation: HandshakeAllThreads (Deoptimize) done
Event: 2.726 Executing VM operation: Cleanup
Event: 2.726 Executing VM operation: Cleanup done

Events (15 events):
Event: 0.087 Thread 0x000002307f515120 Thread added: 0x000002307f515120
Event: 0.136 Thread 0x0000023020118270 Thread added: 0x0000023020118270
Event: 0.137 Thread 0x0000023020119190 Thread added: 0x0000023020119190
Event: 0.137 Thread 0x000002302011d180 Thread added: 0x000002302011d180
Event: 0.137 Thread 0x000002302011fbf0 Thread added: 0x000002302011fbf0
Event: 0.137 Thread 0x0000023020120650 Thread added: 0x0000023020120650
Event: 0.138 Thread 0x00000230201210b0 Thread added: 0x00000230201210b0
Event: 0.138 Thread 0x0000023020123e50 Thread added: 0x0000023020123e50
Event: 0.140 Thread 0x00000230201278c0 Thread added: 0x00000230201278c0
Event: 0.359 Thread 0x0000023020705150 Thread added: 0x0000023020705150
Event: 0.525 Thread 0x000002302088dcf0 Thread added: 0x000002302088dcf0
Event: 0.525 Thread 0x0000023020888540 Thread added: 0x0000023020888540
Event: 0.737 Thread 0x00000230209b7050 Thread added: 0x00000230209b7050
Event: 1.946 Thread 0x00000230209b7050 Thread exited: 0x00000230209b7050
Event: 2.536 Thread 0x0000023066df39f0 Thread added: 0x0000023066df39f0


Dynamic libraries:
0x00007ff7ce6a0000 - 0x00007ff7ce6ae000 	C:\Users\24197\.jdks\openjdk-21.0.2\bin\java.exe
0x00007ff9a5670000 - 0x00007ff9a5887000 	C:\WINDOWS\SYSTEM32\ntdll.dll
0x00007ff9a4c10000 - 0x00007ff9a4cd4000 	C:\WINDOWS\System32\KERNEL32.DLL
0x00007ff9a2be0000 - 0x00007ff9a2f86000 	C:\WINDOWS\System32\KERNELBASE.dll
0x00007ff9a32a0000 - 0x00007ff9a33b1000 	C:\WINDOWS\System32\ucrtbase.dll
0x00007ff98a3c0000 - 0x00007ff98a3d8000 	C:\Users\24197\.jdks\openjdk-21.0.2\bin\jli.dll
0x00007ff985050000 - 0x00007ff98506b000 	C:\Users\24197\.jdks\openjdk-21.0.2\bin\VCRUNTIME140.dll
0x00007ff9a4a60000 - 0x00007ff9a4c0e000 	C:\WINDOWS\System32\USER32.dll
0x00007ff9a2f90000 - 0x00007ff9a2fb6000 	C:\WINDOWS\System32\win32u.dll
0x00007ff9a3b40000 - 0x00007ff9a3b69000 	C:\WINDOWS\System32\GDI32.dll
0x00007ff9a3060000 - 0x00007ff9a3178000 	C:\WINDOWS\System32\gdi32full.dll
0x00007ff9a2fc0000 - 0x00007ff9a305a000 	C:\WINDOWS\System32\msvcp_win.dll
0x00007ff97ff60000 - 0x00007ff9801f3000 	C:\WINDOWS\WinSxS\amd64_microsoft.windows.common-controls_6595b64144ccf1df_6.0.22621.2506_none_270c5ae97388e100\COMCTL32.dll
0x00007ff9a5460000 - 0x00007ff9a5507000 	C:\WINDOWS\System32\msvcrt.dll
0x00007ff9a55f0000 - 0x00007ff9a5621000 	C:\WINDOWS\System32\IMM32.DLL
0x000000005c320000 - 0x000000005c32d000 	C:\Program Files\360\360Safe\safemon\SafeWrapper.dll
0x00007ff9a53a0000 - 0x00007ff9a5453000 	C:\WINDOWS\System32\ADVAPI32.dll
0x00007ff9a5540000 - 0x00007ff9a55e8000 	C:\WINDOWS\System32\sechost.dll
0x00007ff9a3200000 - 0x00007ff9a3228000 	C:\WINDOWS\System32\bcrypt.dll
0x00007ff9a34d0000 - 0x00007ff9a35e7000 	C:\WINDOWS\System32\RPCRT4.dll
0x00007ff989560000 - 0x00007ff98960c000 	C:\Program Files\360\360Safe\safemon\libzdtp64.dll
0x00007ff9a3c00000 - 0x00007ff9a445b000 	C:\WINDOWS\System32\SHELL32.dll
0x00007ff9a52c0000 - 0x00007ff9a531e000 	C:\WINDOWS\System32\SHLWAPI.dll
0x00007ff9a25f0000 - 0x00007ff9a25fa000 	C:\WINDOWS\SYSTEM32\VERSION.dll
0x00007ff992020000 - 0x00007ff99202c000 	C:\Users\24197\.jdks\openjdk-21.0.2\bin\vcruntime140_1.dll
0x00007ff954420000 - 0x00007ff9544ae000 	C:\Users\24197\.jdks\openjdk-21.0.2\bin\msvcp140.dll
0x00007ff9120d0000 - 0x00007ff912de7000 	C:\Users\24197\.jdks\openjdk-21.0.2\bin\server\jvm.dll
0x00007ff9a3640000 - 0x00007ff9a36b1000 	C:\WINDOWS\System32\WS2_32.dll
0x00007ff9a17d0000 - 0x00007ff9a181d000 	C:\WINDOWS\SYSTEM32\POWRPROF.dll
0x00007ff99c4d0000 - 0x00007ff99c504000 	C:\WINDOWS\SYSTEM32\WINMM.dll
0x00007ff9a17b0000 - 0x00007ff9a17c3000 	C:\WINDOWS\SYSTEM32\UMPDC.dll
0x00007ff9a1a70000 - 0x00007ff9a1a88000 	C:\WINDOWS\SYSTEM32\kernel.appcore.dll
0x00007ff98a3b0000 - 0x00007ff98a3ba000 	C:\Users\24197\.jdks\openjdk-21.0.2\bin\jimage.dll
0x00007ff9a0330000 - 0x00007ff9a0563000 	C:\WINDOWS\SYSTEM32\DBGHELP.DLL
0x00007ff9a4460000 - 0x00007ff9a47e9000 	C:\WINDOWS\System32\combase.dll
0x00007ff9a47f0000 - 0x00007ff9a48c7000 	C:\WINDOWS\System32\OLEAUT32.dll
0x00007ff9971a0000 - 0x00007ff9971d2000 	C:\WINDOWS\SYSTEM32\dbgcore.DLL
0x00007ff9a3180000 - 0x00007ff9a31fa000 	C:\WINDOWS\System32\bcryptPrimitives.dll
0x00007ff975400000 - 0x00007ff97540f000 	C:\Users\24197\.jdks\openjdk-21.0.2\bin\instrument.dll
0x00007ff970030000 - 0x00007ff97004f000 	C:\Users\24197\.jdks\openjdk-21.0.2\bin\java.dll
0x00007ff9a08a0000 - 0x00007ff9a1196000 	C:\WINDOWS\SYSTEM32\windows.storage.dll
0x00007ff9a0760000 - 0x00007ff9a089e000 	C:\WINDOWS\SYSTEM32\wintypes.dll
0x00007ff9a5020000 - 0x00007ff9a5113000 	C:\WINDOWS\System32\SHCORE.dll
0x00007ff9a28e0000 - 0x00007ff9a2906000 	C:\WINDOWS\SYSTEM32\profapi.dll
0x00007ff940820000 - 0x00007ff9408f7000 	C:\Users\24197\.jdks\openjdk-21.0.2\bin\jsvml.dll
0x00007ff966c30000 - 0x00007ff966c48000 	C:\Users\24197\.jdks\openjdk-21.0.2\bin\zip.dll
0x00007ff9893a0000 - 0x00007ff9893b0000 	C:\Users\24197\.jdks\openjdk-21.0.2\bin\net.dll
0x00007ff99d540000 - 0x00007ff99d677000 	C:\WINDOWS\SYSTEM32\WINHTTP.dll
0x00007ff9a1ef0000 - 0x00007ff9a1f59000 	C:\WINDOWS\system32\mswsock.dll
0x00007ff970010000 - 0x00007ff970026000 	C:\Users\24197\.jdks\openjdk-21.0.2\bin\nio.dll
0x00007ff95a6a0000 - 0x00007ff95a6ba000 	D:\IDEA\IntelliJ IDEA 2022.2.3\bin\breakgen64.dll
0x00007ff9928e0000 - 0x00007ff9928e9000 	C:\Users\24197\.jdks\openjdk-21.0.2\bin\extnet.dll

dbghelp: loaded successfully - version: 4.0.5 - missing functions: none
symbol engine: initialized successfully - sym options: 0x614 - pdb path: .;C:\Users\24197\.jdks\openjdk-21.0.2\bin;C:\WINDOWS\SYSTEM32;C:\WINDOWS\WinSxS\amd64_microsoft.windows.common-controls_6595b64144ccf1df_6.0.22621.2506_none_270c5ae97388e100;C:\Program Files\360\360Safe\safemon;C:\Users\24197\.jdks\openjdk-21.0.2\bin\server;D:\IDEA\IntelliJ IDEA 2022.2.3\bin

VM Arguments:
jvm_args: -ea -Didea.test.cyclic.buffer.size=1048576 -javaagent:D:\IDEA\IntelliJ IDEA 2022.2.3\lib\idea_rt.jar=50753:D:\IDEA\IntelliJ IDEA 2022.2.3\bin -Dfile.encoding=UTF-8 -Dsun.stdout.encoding=UTF-8 -Dsun.stderr.encoding=UTF-8 
java_command: com.intellij.rt.junit.JUnitStarter -ideVersion5 -junit5 com.example.bootweb.BootWebApplicationTests,redisTest
java_class_path (initial): C:\Users\24197\.m2\repository\org\junit\platform\junit-platform-launcher\1.10.2\junit-platform-launcher-1.10.2.jar;C:\Users\24197\.m2\repository\org\junit\platform\junit-platform-engine\1.10.2\junit-platform-engine-1.10.2.jar;C:\Users\24197\.m2\repository\org\opentest4j\opentest4j\1.3.0\opentest4j-1.3.0.jar;C:\Users\24197\.m2\repository\org\junit\platform\junit-platform-commons\1.10.2\junit-platform-commons-1.10.2.jar;C:\Users\24197\.m2\repository\org\apiguardian\apiguardian-api\1.1.2\apiguardian-api-1.1.2.jar;D:\IDEA\IntelliJ IDEA 2022.2.3\lib\idea_rt.jar;D:\IDEA\IntelliJ IDEA 2022.2.3\plugins\junit\lib\junit5-rt.jar;D:\IDEA\IntelliJ IDEA 2022.2.3\plugins\junit\lib\junit-rt.jar;D:\IDEA_projects\SpringBoot3\boot-web\target\test-classes;D:\IDEA_projects\SpringBoot3\boot-web\target\classes;D:\maven-repository\org\springframework\boot\spring-boot-starter-thymeleaf\3.2.3\spring-boot-starter-thymeleaf-3.2.3.jar;D:\maven-repository\org\springframework\boot\spring-boot-starter\3.2.3\spring-boot-starter-3.2.3.jar;D:\maven-repository\org\springframework\boot\spring-boot\3.2.3\spring-boot-3.2.3.jar;D:\maven-repository\org\springframework\boot\spring-boot-autoconfigure\3.2.3\spring-boot-autoconfigure-3.2.3.jar;D:\maven-repository\org\springframework\boot\spring-boot-starter-logging\3.2.3\spring-boot-starter-logging-3.2.3.jar;D:\maven-repository\ch\qos\logback\logback-classic\1.4.14\logback-classic-1.4.14.jar;D:\maven-repository\ch\qos\logback\logback-core\1.4.14\logback-core-1.4.14.jar;D:\maven-repository\org\apache\logging\log4j\log4j-to-slf4j\2.21.1\log4j-to-slf4j-2.21.1.jar;D:\maven-repository\org\apache\logging\log4j\log4j-api\2.21.1\log4j-api-2.21.1.jar;D:\maven-repository\org\slf4j\jul-to-slf4j\2.0.12\jul-to-slf4j-2.0.12.jar;D:\maven-repository\jakarta\annotation\jakarta.annotation-api\2.1.1\jakarta.annotation-api-2.1.1.jar;D:\maven-repository\org\yaml\snakeyaml\2.2\snakeyaml-2.2.jar;D:\maven-repository\org\thymeleaf\thymeleaf-spring6\3.1.2.RELEASE\thymeleaf-spring6-3.1.2.RELEASE.jar;D:\maven-repository\org\thymeleaf\thymeleaf\3.1.2.RELEASE\thymeleaf-3.1.2.RELEASE.jar;D:\maven-repository\org\attoparser\attoparser\2.0.7.RELEASE\attoparser-2.0.7.RELEASE.jar;D:\maven-repository\org\unbescape\unbescape\1.1.6.RELEASE\unbescape-1.1.6.RELEASE.jar;D:\maven-repository\org\slf4j\slf4j-api\2.0.12\slf4j-api-2.0.12.jar;D:\maven-repository\org\springframework\boot\spring-boot-starter-web\3.2.3\spring-boot-starter-web-3.2.3.jar;D:\maven-repository\org\springframework\boot\spring-boot-starter-json\3.2.3\spring-boot-starter-json-3.2.3.jar;D:\maven-repository\com\fasterxml\jackson\datatype\jackson-datatype-jdk8\2.15.4\jackson-datatype-jdk8-2.15.4.jar;D:\maven-repository\com\fasterxml\jackson\datatype\jackson-datatype-jsr310\2.15.4\jackson-datatype-jsr310-2.15.4.jar;D:\maven-repository\com\fasterxml\jackson\module\jackson-module-parameter-names\2.15.4\jackson-module-parameter-names-2.15.4.jar;D:\maven-repository\org\springframework\boot\spring-boot-starter-tomcat\3.2.3\spring-boot-starter-tomcat-3.2.3.jar;D:\maven-repository\org\apache\tomcat\embed\tomcat-embed-core\10.1.19\tomcat-embed-core-10.1.19.jar;D:\maven-repository\org\apache\tomcat\embed\tomcat-embed-el\10.1.19\tomcat-embed-el-10.1.19.jar;D:\maven-repository\org\apache\tomcat\embed\tomcat-embed-websocket\10.1.19\tomcat-embed-websocket-10.1.19.jar;D:\maven-repository\org\springframework\spring-web\6.1.4\spring-web-6.1.4.jar;D:\maven-repository\org\springframework\spring-beans\6.1.4\spring-beans-6.1.4.jar;D:\maven-repository\io\micrometer\micrometer-observation\1.12.3\micrometer-observation-1.12.3.jar;D:\maven-repository\io\micrometer\micrometer-commons\1.12.3\micrometer-commons-1.12.3.jar;D:\maven-repository\org\springframework\spring-webmvc\6.1.4\spring-webmvc-6.1.4.jar;D:\maven-repository\org\springframework\spring-aop\6.1.4\spring-aop-6.1.4.jar;D:\maven-repository\org\springframework\spring-context\6.1.4\spring-context-6.1.4.jar;D:\maven-repository\org\springframework\spring-expression\6.1.4\spring-expression-6.1.4.jar;D:\maven-repository\org\projectlombok\lombok\1.18.30\lombok-1.18.30.jar;D:\maven-repository\org\springframework\boot\spring-boot-starter-test\3.2.3\spring-boot-starter-test-3.2.3.jar;D:\maven-repository\org\springframework\boot\spring-boot-test\3.2.3\spring-boot-test-3.2.3.jar;D:\maven-repository\org\springframework\boot\spring-boot-test-autoconfigure\3.2.3\spring-boot-test-autoconfigure-3.2.3.jar;D:\maven-repository\com\jayway\jsonpath\json-path\2.9.0\json-path-2.9.0.jar;D:\maven-repository\jakarta\xml\bind\jakarta.xml.bind-api\4.0.1\jakarta.xml.bind-api-4.0.1.jar;D:\maven-repository\jakarta\activation\jakarta.activation-api\2.1.2\jakarta.activation-api-2.1.2.jar;D:\maven-repository\net\minidev\json-smart\2.5.0\json-smart-2.5.0.jar;D:\maven-repository\net\minidev\accessors-smart\2.5.0\accessors-smart-2.5.0.jar;D:\maven-repository\org\ow2\asm\asm\9.3\asm-9.3.jar;D:\maven-repository\org\assertj\assertj-core\3.24.2\assertj-core-3.24.2.jar;D:\maven-repository\net\bytebuddy\byte-buddy\1.14.12\byte-buddy-1.14.12.jar;D:\maven-repository\org\awaitility\awaitility\4.2.0\awaitility-4.2.0.jar;D:\maven-repository\org\hamcrest\hamcrest\2.2\hamcrest-2.2.jar;D:\maven-repository\org\junit\jupiter\junit-jupiter\5.10.2\junit-jupiter-5.10.2.jar;D:\maven-repository\org\junit\jupiter\junit-jupiter-api\5.10.2\junit-jupiter-api-5.10.2.jar;D:\maven-repository\org\opentest4j\opentest4j\1.3.0\opentest4j-1.3.0.jar;D:\maven-repository\org\junit\platform\junit-platform-commons\1.10.2\junit-platform-commons-1.10.2.jar;D:\maven-repository\org\apiguardian\apiguardian-api\1.1.2\apiguardian-api-1.1.2.jar;D:\maven-repository\org\junit\jupiter\junit-jupiter-params\5.10.2\junit-jupiter-params-5.10.2.jar;D:\maven-repository\org\junit\jupiter\junit-jupiter-engine\5.10.2\junit-jupiter-engine-5.10.2.jar;D:\maven-repository\org\junit\platform\junit-platform-engine\1.10.2\junit-platform-engine-1.10.2.jar;D:\maven-repository\org\mockito\mockito-core\5.7.0\mockito-core-5.7.0.jar;D:\maven-repository\net\bytebuddy\byte-buddy-agent\1.14.12\byte-buddy-agent-1.14.12.jar;D:\maven-repository\org\objenesis\objenesis\3.3\objenesis-3.3.jar;D:\maven-repository\org\mockito\mockito-junit-jupiter\5.7.0\mockito-junit-jupiter-5.7.0.jar;D:\maven-repository\org\skyscreamer\jsonassert\1.5.1\jsonassert-1.5.1.jar;D:\maven-repository\com\vaadin\external\google\android-json\0.0.20131108.vaadin1\android-json-0.0.20131108.vaadin1.jar;D:\maven-repository\org\springframework\spring-core\6.1.4\spring-core-6.1.4.jar;D:\maven-repository\org\springframework\spring-jcl\6.1.4\spring-jcl-6.1.4.jar;D:\maven-repository\org\springframework\spring-test\6.1.4\spring-test-6.1.4.jar;D:\maven-repository\org\xmlunit\xmlunit-core\2.9.1\xmlunit-core-2.9.1.jar;D:\maven-repository\com\fasterxml\jackson\dataformat\jackson-dataformat-xml\2.15.4\jackson-dataformat-xml-2.15.4.jar;D:\maven-repository\com\fasterxml\jackson\core\jackson-core\2.15.4\jackson-core-2.15.4.jar;D:\maven-repository\com\fasterxml\jackson\core\jackson-annotations\2.15.4\jackson-annotations-2.15.4.jar;D:\maven-repository\com\fasterxml\jackson\core\jackson-databind\2.15.4\jackson-databind-2.15.4.jar;D:\maven-repository\org\codehaus\woodstox\stax2-api\4.2.1\stax2-api-4.2.1.jar;D:\maven-repository\com\fasterxml\woodstox\woodstox-core\6.5.1\woodstox-core-6.5.1.jar;D:\maven-repository\org\springframework\boot\spring-boot-starter-data-redis\3.2.3\spring-boot-starter-data-redis-3.2.3.jar;D:\maven-repository\io\lettuce\lettuce-core\6.3.1.RELEASE\lettuce-core-6.3.1.RELEASE.jar;D:\maven-repository\io\netty\netty-common\4.1.107.Final\netty-common-4.1.107.Final.jar;D:\maven-repository\io\netty\netty-handler\4.1.107.Final\netty-handler-4.1.107.Final.jar;D:\maven-repository\io\netty\netty-resolver\4.1.107.Final\netty-resolver-4.1.107.Final.jar;D:\maven-repository\io\netty\netty-buffer\4.1.107.Final\netty-buffer-4.1.107.Final.jar;D:\maven-repository\io\netty\netty-transport-native-unix-common\4.1.107.Final\netty-transport-native-unix-common-4.1.107.Final.jar;D:\maven-repository\io\netty\netty-codec\4.1.107.Final\netty-codec-4.1.107.Final.jar;D:\maven-repository\io\netty\netty-transport\4.1.107.Final\netty-transport-4.1.107.Final.jar;D:\maven-repository\io\projectreactor\reactor-core\3.6.3\reactor-core-3.6.3.jar;D:\maven-repository\org\reactivestreams\reactive-streams\1.0.4\reactive-streams-1.0.4.jar;D:\maven-repository\org\springframework\data\spring-data-redis\3.2.3\spring-data-redis-3.2.3.jar;D:\maven-repository\org\springframework\data\spring-data-keyvalue\3.2.3\spring-data-keyvalue-3.2.3.jar;D:\maven-repository\org\springframework\data\spring-data-commons\3.2.3\spring-data-commons-3.2.3.jar;D:\maven-repository\org\springframework\spring-tx\6.1.4\spring-tx-6.1.4.jar;D:\maven-repository\org\springframework\spring-oxm\6.1.4\spring-oxm-6.1.4.jar;D:\maven-repository\org\springframework\spring-context-support\6.1.4\spring-context-support-6.1.4.jar
Launcher Type: SUN_STANDARD

[Global flags]
     intx CICompilerCount                          = 4                                         {product} {ergonomic}
     uint ConcGCThreads                            = 2                                         {product} {ergonomic}
     uint G1ConcRefinementThreads                  = 8                                         {product} {ergonomic}
   size_t G1HeapRegionSize                         = 2097152                                   {product} {ergonomic}
    uintx GCDrainStackTargetSize                   = 64                                        {product} {ergonomic}
   size_t InitialHeapSize                          = 266338304                                 {product} {ergonomic}
   size_t MarkStackSize                            = 4194304                                   {product} {ergonomic}
   size_t MaxHeapSize                              = 4238344192                                {product} {ergonomic}
   size_t MaxNewSize                               = 2541748224                                {product} {ergonomic}
   size_t MinHeapDeltaBytes                        = 2097152                                   {product} {ergonomic}
   size_t MinHeapSize                              = 8388608                                   {product} {ergonomic}
    uintx NonNMethodCodeHeapSize                   = 5839372                                {pd product} {ergonomic}
    uintx NonProfiledCodeHeapSize                  = 122909434                              {pd product} {ergonomic}
    uintx ProfiledCodeHeapSize                     = 122909434                              {pd product} {ergonomic}
    uintx ReservedCodeCacheSize                    = 251658240                              {pd product} {ergonomic}
     bool SegmentedCodeCache                       = true                                      {product} {ergonomic}
   size_t SoftMaxHeapSize                          = 4238344192                             {manageable} {ergonomic}
     bool UseCompressedOops                        = true                           {product lp64_product} {ergonomic}
     bool UseG1GC                                  = true                                      {product} {ergonomic}
     bool UseLargePagesIndividualAllocation        = false                                  {pd product} {ergonomic}

Logging:
Log output configuration:
 #0: stdout all=warning uptime,level,tags foldmultilines=false
 #1: stderr all=off uptime,level,tags foldmultilines=false

Environment Variables:
JAVA_HOME=D:\Program Files\javadev\jdk-19
PATH=C:\WINDOWS\system32;D:\Program Files\javadev\jdk-19\bin;D:\Program Files\javadev\apache-tomcat-10.1.15\bin;D:\Program Files\apache-maven-3.8.8\bin;C:\Program Files\Common Files\Oracle\Java\javapath;D:\VMware\bin\;C:\Program Files (x86)\Common Files\Oracle\Java\javapath;C:\Windows\system32;C:\Windows;C:\Windows\System32\Wbem;C:\Windows\System32\WindowsPowerShell\v1.0\;C:\Windows\System32\OpenSSH\;C:\Program Files (x86)\NVIDIA Corporation\PhysX\Common;C:\Program Files\NVIDIA Corporation\NVIDIA NvDLISR;C:\Program Files\dotnet\;C:\Program Files\Microsoft SQL Server\130\Tools\Binn\;C:\WINDOWS;C:\WINDOWS\System32\Wbem;C:\WINDOWS\System32\WindowsPowerShell\v1.0\;C:\WINDOWS\System32\OpenSSH\;D:\Git\cmd;D:\node.js\;C:\Program Files\MySQL\MySQL Server 8.0\bin;C:\Users\24197\AppData\Local\Programs\Python\Python311\Scripts\;C:\Users\24197\AppData\Local\Programs\Python\Python311\;C:\Program Files\MySQL\MySQL Shell 8.0\bin\;C:\Users\24197\AppData\Local\Programs\Python\Python310\Scripts\;C:\Users\24197\AppData\Local\Programs\Python\Python310\;C:\Users\24197\AppData\Local\Microsoft\WindowsApps;C:\Users\24197\.dotnet\tools;C:\Program Files\JetBrains\PyCharm Community Edition 2021.2.3\bin;;C:\Users\24197\AppData\Roaming\npm;C:\Users\24197\AppData\Local\Programs\Microsoft VS Code\bin;D:\pycharm\PyCharm 2022.3.1\bin;;C:\Program Files\Graphviz\bin
USERNAME=24197
OS=Windows_NT
PROCESSOR_IDENTIFIER=Intel64 Family 6 Model 140 Stepping 1, GenuineIntel
TMP=C:\Users\24197\AppData\Local\Temp
TEMP=C:\Users\24197\AppData\Local\Temp




Periodic native trim disabled

---------------  S Y S T E M  ---------------

OS:
 Windows 11 , 64 bit Build 22621 (10.0.22621.3085)
OS uptime: 10 days 2:24 hours

CPU: total 8 (initial active 8) (4 cores per cpu, 2 threads per core) family 6 model 140 stepping 1 microcode 0x8a, cx8, cmov, fxsr, ht, mmx, 3dnowpref, sse, sse2, sse3, ssse3, sse4.1, sse4.2, popcnt, lzcnt, tsc, tscinvbit, avx, avx2, aes, erms, clmul, bmi1, bmi2, adx, avx512f, avx512dq, avx512cd, avx512bw, avx512vl, sha, fma, vzeroupper, avx512_vpopcntdq, avx512_vpclmulqdq, avx512_vaes, avx512_vnni, clflush, clflushopt, clwb, avx512_vbmi2, avx512_vbmi, rdtscp, rdpid, fsrm, gfni, avx512_bitalg, f16c, pku, cet_ibt, cet_ss, avx512_ifma
Processor Information for all 8 processors :
  Max Mhz: 3110, Current Mhz: 3110, Mhz Limit: 3110

Memory: 4k page, system-wide physical 16167M (3642M free)
TotalPageFile size 16167M (AvailPageFile size 4M)
current process WorkingSet (physical memory assigned to process): 113M, peak: 113M
current process commit charge ("private bytes"): 373M, peak: 373M

vm_info: OpenJDK 64-Bit Server VM (21.0.2+13-58) for windows-amd64 JRE (21.0.2+13-58), built on 2024-01-05T18:32:24Z by "mach5one" with MS VC++ 17.1 (VS2022)

END.
